<?xml version="1.0" encoding="UTF-8"?>
<!-- Generated by org.testng.reporters.JUnitXMLReporter -->
<testsuite ignored="0" hostname="DESKTOP-7CSH1RG" failures="0" tests="6" name="Default test" time="4.609" errors="0" timestamp="2024-09-01T12:46:56 IDT">
  <testcase classname="RestAssured.TypicodeTest" name="addABook" time="2.033"/>
  <testcase classname="RestAssured.TypicodeTest" name="deleteBook" time="0.556"/>
  <testcase classname="RestAssured.TypicodeTest" name="getABookByID" time="0.903"/>
  <testcase classname="RestAssured.TypicodeTest" name="getAllBooks" time="0.527"/>
  <testcase classname="RestAssured.TypicodeTest" name="getBookWithInvalidID" time="0.185"/>
  <testcase classname="RestAssured.TypicodeTest" name="updateBook" time="0.361"/>
</testsuite> <!-- Default test -->
